<?xml version="1.0" encoding="UTF-8"?>
<!-- Generated by org.testng.reporters.JUnitXMLReporter -->
<testsuite ignored="0" hostname="LAPTOP-7ILL6B1Q" failures="0" tests="6" name="Default test" time="11.968" errors="0" timestamp="2023-10-30T17:46:33 IST">
  <testcase classname="testCases.LoginTest" name="loginTest" time="0.501"/>
  <testcase classname="testCases.LoginTest" name="loginTest" time="0.164"/>
  <testcase classname="testCases.LoginTest" name="loginTest" time="0.281"/>
  <testcase classname="testCases.LoginTest" name="loginTest" time="5.339"/>
  <testcase classname="testCases.LoginTest" name="verifyErrorMessage" time="0.299"/>
  <testcase classname="testCases.LoginTest" name="verifyTitleAfterSuccessfulLogin" time="0.281"/>
</testsuite> <!-- Default test -->
