<?xml version="1.0" encoding="UTF-8"?>
<!-- Generated by org.testng.reporters.JUnitXMLReporter -->
<testsuite ignored="0" hostname="LAPTOP-7ILL6B1Q" failures="0" tests="6" name="Test" time="11.448" errors="0" timestamp="2023-10-30T17:47:19 IST">
  <testcase classname="testCases.LoginTest" name="loginTest" time="0.469"/>
  <testcase classname="testCases.LoginTest" name="loginTest" time="0.171"/>
  <testcase classname="testCases.LoginTest" name="loginTest" time="0.263"/>
  <testcase classname="testCases.LoginTest" name="loginTest" time="5.344"/>
  <testcase classname="testCases.LoginTest" name="verifyErrorMessage" time="0.3"/>
  <testcase classname="testCases.LoginTest" name="verifyTitleAfterSuccessfulLogin" time="0.294"/>
</testsuite> <!-- Test -->
