<?xml version="1.0" encoding="UTF-8"?>
<testng-results ignored="0" total="6" passed="6" failed="0" skipped="0">
  <reporter-output>
  </reporter-output>
  <suite started-at="2023-10-30T17:47:08 IST" name="Suite" finished-at="2023-10-30T17:47:19 IST" duration-ms="11448">
    <groups>
    </groups>
    <test started-at="2023-10-30T17:47:08 IST" name="Test" finished-at="2023-10-30T17:47:19 IST" duration-ms="11448">
      <class name="testCases.LoginTest">
        <test-method is-config="true" signature="setup()[pri:0, instance:testCases.LoginTest@7d0b7e3c]" started-at="2023-10-30T17:47:08 IST" name="setup" finished-at="2023-10-30T17:47:11 IST" duration-ms="2898" status="PASS">
          <reporter-output>
          </reporter-output>
        </test-method> <!-- setup -->
        <test-method is-config="true" signature="navigateToLoginPage()[pri:0, instance:testCases.LoginTest@7d0b7e3c]" started-at="2023-10-30T17:47:11 IST" name="navigateToLoginPage" finished-at="2023-10-30T17:47:12 IST" duration-ms="392" status="PASS">
          <reporter-output>
          </reporter-output>
        </test-method> <!-- navigateToLoginPage -->
        <test-method signature="loginTest(java.lang.String,java.lang.String,java.lang.String)[pri:0, instance:testCases.LoginTest@7d0b7e3c]" started-at="2023-10-30T17:47:12 IST" name="loginTest" data-provider="loginData" finished-at="2023-10-30T17:47:12 IST" duration-ms="469" status="PASS">
          <params>
            <param index="0">
              <value>
                <![CDATA[standard_user]]>
              </value>
            </param>
            <param index="1">
              <value>
                <![CDATA[secret_sauce]]>
              </value>
            </param>
            <param index="2">
              <value>
                <![CDATA[Login Successful]]>
              </value>
            </param>
          </params>
          <reporter-output>
          </reporter-output>
        </test-method> <!-- loginTest -->
        <test-method is-config="true" signature="handleTestResults(org.testng.ITestResult)[pri:0, instance:testCases.LoginTest@7d0b7e3c]" started-at="2023-10-30T17:47:12 IST" name="handleTestResults" finished-at="2023-10-30T17:47:12 IST" duration-ms="260" status="PASS">
          <params>
            <param index="0">
              <value>
                <![CDATA[[TestResult name=loginTest status=SUCCESS method=LoginTest.loginTest(java.lang.String,java.lang.String,java.lang.String)[pri:0, instance:testCases.LoginTest@7d0b7e3c] output={null}]]]>
              </value>
            </param>
          </params>
          <reporter-output>
          </reporter-output>
        </test-method> <!-- handleTestResults -->
        <test-method is-config="true" signature="navigateToLoginPage()[pri:0, instance:testCases.LoginTest@7d0b7e3c]" started-at="2023-10-30T17:47:12 IST" name="navigateToLoginPage" finished-at="2023-10-30T17:47:12 IST" duration-ms="81" status="PASS">
          <reporter-output>
          </reporter-output>
        </test-method> <!-- navigateToLoginPage -->
        <test-method signature="loginTest(java.lang.String,java.lang.String,java.lang.String)[pri:0, instance:testCases.LoginTest@7d0b7e3c]" started-at="2023-10-30T17:47:12 IST" name="loginTest" data-provider="loginData" finished-at="2023-10-30T17:47:13 IST" duration-ms="171" status="PASS">
          <params>
            <param index="0">
              <value>
                <![CDATA[problem_user]]>
              </value>
            </param>
            <param index="1">
              <value>
                <![CDATA[wrong_password]]>
              </value>
            </param>
            <param index="2">
              <value>
                <![CDATA[error message will be displayed ]]>
              </value>
            </param>
          </params>
          <reporter-output>
          </reporter-output>
        </test-method> <!-- loginTest -->
        <test-method is-config="true" signature="handleTestResults(org.testng.ITestResult)[pri:0, instance:testCases.LoginTest@7d0b7e3c]" started-at="2023-10-30T17:47:13 IST" name="handleTestResults" finished-at="2023-10-30T17:47:13 IST" duration-ms="7" status="PASS">
          <params>
            <param index="0">
              <value>
                <![CDATA[[TestResult name=loginTest status=SUCCESS method=LoginTest.loginTest(java.lang.String,java.lang.String,java.lang.String)[pri:0, instance:testCases.LoginTest@7d0b7e3c] output={null}]]]>
              </value>
            </param>
          </params>
          <reporter-output>
          </reporter-output>
        </test-method> <!-- handleTestResults -->
        <test-method is-config="true" signature="navigateToLoginPage()[pri:0, instance:testCases.LoginTest@7d0b7e3c]" started-at="2023-10-30T17:47:13 IST" name="navigateToLoginPage" finished-at="2023-10-30T17:47:13 IST" duration-ms="45" status="PASS">
          <reporter-output>
          </reporter-output>
        </test-method> <!-- navigateToLoginPage -->
        <test-method signature="loginTest(java.lang.String,java.lang.String,java.lang.String)[pri:0, instance:testCases.LoginTest@7d0b7e3c]" started-at="2023-10-30T17:47:13 IST" name="loginTest" data-provider="loginData" finished-at="2023-10-30T17:47:13 IST" duration-ms="263" status="PASS">
          <params>
            <param index="0">
              <value>
                <![CDATA[locked_out_user]]>
              </value>
            </param>
            <param index="1">
              <value>
                <![CDATA[secret_sauce]]>
              </value>
            </param>
            <param index="2">
              <value>
                <![CDATA[Login Successful]]>
              </value>
            </param>
          </params>
          <reporter-output>
          </reporter-output>
        </test-method> <!-- loginTest -->
        <test-method is-config="true" signature="handleTestResults(org.testng.ITestResult)[pri:0, instance:testCases.LoginTest@7d0b7e3c]" started-at="2023-10-30T17:47:13 IST" name="handleTestResults" finished-at="2023-10-30T17:47:13 IST" duration-ms="12" status="PASS">
          <params>
            <param index="0">
              <value>
                <![CDATA[[TestResult name=loginTest status=SUCCESS method=LoginTest.loginTest(java.lang.String,java.lang.String,java.lang.String)[pri:0, instance:testCases.LoginTest@7d0b7e3c] output={null}]]]>
              </value>
            </param>
          </params>
          <reporter-output>
          </reporter-output>
        </test-method> <!-- handleTestResults -->
        <test-method is-config="true" signature="navigateToLoginPage()[pri:0, instance:testCases.LoginTest@7d0b7e3c]" started-at="2023-10-30T17:47:13 IST" name="navigateToLoginPage" finished-at="2023-10-30T17:47:13 IST" duration-ms="39" status="PASS">
          <reporter-output>
          </reporter-output>
        </test-method> <!-- navigateToLoginPage -->
        <test-method signature="loginTest(java.lang.String,java.lang.String,java.lang.String)[pri:0, instance:testCases.LoginTest@7d0b7e3c]" started-at="2023-10-30T17:47:13 IST" name="loginTest" data-provider="loginData" finished-at="2023-10-30T17:47:18 IST" duration-ms="5344" status="PASS">
          <params>
            <param index="0">
              <value>
                <![CDATA[performance_glitch_user]]>
              </value>
            </param>
            <param index="1">
              <value>
                <![CDATA[secret_sauce]]>
              </value>
            </param>
            <param index="2">
              <value>
                <![CDATA[Login Successful]]>
              </value>
            </param>
          </params>
          <reporter-output>
          </reporter-output>
        </test-method> <!-- loginTest -->
        <test-method is-config="true" signature="handleTestResults(org.testng.ITestResult)[pri:0, instance:testCases.LoginTest@7d0b7e3c]" started-at="2023-10-30T17:47:18 IST" name="handleTestResults" finished-at="2023-10-30T17:47:18 IST" duration-ms="19" status="PASS">
          <params>
            <param index="0">
              <value>
                <![CDATA[[TestResult name=loginTest status=SUCCESS method=LoginTest.loginTest(java.lang.String,java.lang.String,java.lang.String)[pri:0, instance:testCases.LoginTest@7d0b7e3c] output={null}]]]>
              </value>
            </param>
          </params>
          <reporter-output>
          </reporter-output>
        </test-method> <!-- handleTestResults -->
        <test-method is-config="true" signature="navigateToLoginPage()[pri:0, instance:testCases.LoginTest@7d0b7e3c]" started-at="2023-10-30T17:47:18 IST" name="navigateToLoginPage" finished-at="2023-10-30T17:47:18 IST" duration-ms="35" status="PASS">
          <reporter-output>
          </reporter-output>
        </test-method> <!-- navigateToLoginPage -->
        <test-method signature="verifyErrorMessage()[pri:0, instance:testCases.LoginTest@7d0b7e3c]" started-at="2023-10-30T17:47:18 IST" name="verifyErrorMessage" finished-at="2023-10-30T17:47:19 IST" duration-ms="300" status="PASS">
          <reporter-output>
          </reporter-output>
        </test-method> <!-- verifyErrorMessage -->
        <test-method is-config="true" signature="handleTestResults(org.testng.ITestResult)[pri:0, instance:testCases.LoginTest@7d0b7e3c]" started-at="2023-10-30T17:47:19 IST" name="handleTestResults" finished-at="2023-10-30T17:47:19 IST" duration-ms="18" status="PASS">
          <params>
            <param index="0">
              <value>
                <![CDATA[[TestResult name=verifyErrorMessage status=SUCCESS method=LoginTest.verifyErrorMessage()[pri:0, instance:testCases.LoginTest@7d0b7e3c] output={null}]]]>
              </value>
            </param>
          </params>
          <reporter-output>
          </reporter-output>
        </test-method> <!-- handleTestResults -->
        <test-method is-config="true" signature="navigateToLoginPage()[pri:0, instance:testCases.LoginTest@7d0b7e3c]" started-at="2023-10-30T17:47:19 IST" name="navigateToLoginPage" finished-at="2023-10-30T17:47:19 IST" duration-ms="38" status="PASS">
          <reporter-output>
          </reporter-output>
        </test-method> <!-- navigateToLoginPage -->
        <test-method signature="verifyTitleAfterSuccessfulLogin()[pri:0, instance:testCases.LoginTest@7d0b7e3c]" started-at="2023-10-30T17:47:19 IST" name="verifyTitleAfterSuccessfulLogin" finished-at="2023-10-30T17:47:19 IST" duration-ms="294" status="PASS">
          <reporter-output>
          </reporter-output>
        </test-method> <!-- verifyTitleAfterSuccessfulLogin -->
        <test-method is-config="true" signature="handleTestResults(org.testng.ITestResult)[pri:0, instance:testCases.LoginTest@7d0b7e3c]" started-at="2023-10-30T17:47:19 IST" name="handleTestResults" finished-at="2023-10-30T17:47:19 IST" duration-ms="9" status="PASS">
          <params>
            <param index="0">
              <value>
                <![CDATA[[TestResult name=verifyTitleAfterSuccessfulLogin status=SUCCESS method=LoginTest.verifyTitleAfterSuccessfulLogin()[pri:0, instance:testCases.LoginTest@7d0b7e3c] output={null}]]]>
              </value>
            </param>
          </params>
          <reporter-output>
          </reporter-output>
        </test-method> <!-- handleTestResults -->
        <test-method is-config="true" signature="tearDown()[pri:0, instance:testCases.LoginTest@7d0b7e3c]" started-at="2023-10-30T17:47:19 IST" name="tearDown" finished-at="2023-10-30T17:47:19 IST" duration-ms="137" status="PASS">
          <reporter-output>
          </reporter-output>
        </test-method> <!-- tearDown -->
      </class> <!-- testCases.LoginTest -->
    </test> <!-- Test -->
  </suite> <!-- Suite -->
</testng-results>
